<?xml version="1.0" encoding="UTF-8"?>
<coverage generated="1609175890688" clover="3.2.0">
  <project timestamp="1609175890688" name="All files">
    <metrics statements="11" coveredstatements="11" conditionals="4" coveredconditionals="3" methods="3" coveredmethods="3" elements="18" coveredelements="17" complexity="0" loc="11" ncloc="11" packages="1" files="3" classes="3"/>
    <file name="App.tsx" path="/Users/kjeske-bh/IdeaProjects/cy2e/cyp-cra/src/App.tsx">
      <metrics statements="1" coveredstatements="1" conditionals="0" coveredconditionals="0" methods="1" coveredmethods="1"/>
      <line num="6" count="4" type="stmt"/>
    </file>
    <file name="index.tsx" path="/Users/kjeske-bh/IdeaProjects/cy2e/cyp-cra/src/index.tsx">
      <metrics statements="2" coveredstatements="2" conditionals="0" coveredconditionals="0" methods="0" coveredmethods="0"/>
      <line num="7" count="2" type="stmt"/>
      <line num="17" count="2" type="stmt"/>
    </file>
    <file name="reportWebVitals.ts" path="/Users/kjeske-bh/IdeaProjects/cy2e/cyp-cra/src/reportWebVitals.ts">
      <metrics statements="8" coveredstatements="8" conditionals="4" coveredconditionals="3" methods="2" coveredmethods="2"/>
      <line num="3" count="2" type="stmt"/>
      <line num="4" count="2" type="cond" truecount="3" falsecount="1"/>
      <line num="5" count="2" type="stmt"/>
      <line num="6" count="2" type="stmt"/>
      <line num="7" count="2" type="stmt"/>
      <line num="8" count="2" type="stmt"/>
      <line num="9" count="2" type="stmt"/>
      <line num="10" count="2" type="stmt"/>
    </file>
  </project>
</coverage>
